1635261573.210626 client started (19530): version 3.0a, socket /tmp/tmux-1000/default, protocol 8
1635261573.210660 on Linux 5.10.60.1-microsoft-standard-WSL2 #1 SMP Wed Aug 25 23:20:18 UTC 2021; libevent 2.1.11-stable (poll)
1635261573.210679 socket is /tmp/tmux-1000/default
1635261573.210691 trying connect
1635261573.211039 add peer 0x562afffbbcc0: 6 ((nil))
1635261573.211163 sending message 100 to peer 0x562afffbbcc0 (4 bytes)
1635261573.211179 sending message 101 to peer 0x562afffbbcc0 (15 bytes)
1635261573.211187 sending message 102 to peer 0x562afffbbcc0 (11 bytes)
1635261573.211193 sending message 108 to peer 0x562afffbbcc0 (51 bytes)
1635261573.211201 sending message 104 to peer 0x562afffbbcc0 (0 bytes)
1635261573.211208 sending message 107 to peer 0x562afffbbcc0 (4 bytes)
1635261573.211215 sending message 105 to peer 0x562afffbbcc0 (14 bytes)
1635261573.211222 sending message 105 to peer 0x562afffbbcc0 (8 bytes)
1635261573.211229 sending message 105 to peer 0x562afffbbcc0 (20 bytes)
1635261573.211235 sending message 105 to peer 0x562afffbbcc0 (58 bytes)
1635261573.211242 sending message 105 to peer 0x562afffbbcc0 (29 bytes)
1635261573.211249 sending message 105 to peer 0x562afffbbcc0 (17 bytes)
1635261573.211255 sending message 105 to peer 0x562afffbbcc0 (33 bytes)
1635261573.211261 sending message 105 to peer 0x562afffbbcc0 (21 bytes)
1635261573.211268 sending message 105 to peer 0x562afffbbcc0 (16 bytes)
1635261573.211274 sending message 105 to peer 0x562afffbbcc0 (20 bytes)
1635261573.211281 sending message 105 to peer 0x562afffbbcc0 (1047 bytes)
1635261573.211300 sending message 105 to peer 0x562afffbbcc0 (13 bytes)
1635261573.211308 sending message 105 to peer 0x562afffbbcc0 (19 bytes)
1635261573.211314 sending message 105 to peer 0x562afffbbcc0 (55 bytes)
1635261573.211321 sending message 105 to peer 0x562afffbbcc0 (16 bytes)
1635261573.211327 sending message 105 to peer 0x562afffbbcc0 (34 bytes)
1635261573.211334 sending message 105 to peer 0x562afffbbcc0 (30 bytes)
1635261573.211341 sending message 105 to peer 0x562afffbbcc0 (11 bytes)
1635261573.211347 sending message 105 to peer 0x562afffbbcc0 (8 bytes)
1635261573.211354 sending message 105 to peer 0x562afffbbcc0 (32 bytes)
1635261573.211361 sending message 105 to peer 0x562afffbbcc0 (1506 bytes)
1635261573.211369 sending message 105 to peer 0x562afffbbcc0 (10 bytes)
1635261573.211376 sending message 105 to peer 0x562afffbbcc0 (20 bytes)
1635261573.211382 sending message 105 to peer 0x562afffbbcc0 (28 bytes)
1635261573.211389 sending message 105 to peer 0x562afffbbcc0 (20 bytes)
1635261573.211396 sending message 105 to peer 0x562afffbbcc0 (54 bytes)
1635261573.211402 sending message 105 to peer 0x562afffbbcc0 (118 bytes)
1635261573.211409 sending message 105 to peer 0x562afffbbcc0 (104 bytes)
1635261573.211416 sending message 105 to peer 0x562afffbbcc0 (135 bytes)
1635261573.211423 sending message 105 to peer 0x562afffbbcc0 (78 bytes)
1635261573.211430 sending message 105 to peer 0x562afffbbcc0 (12 bytes)
1635261573.211437 sending message 105 to peer 0x562afffbbcc0 (20 bytes)
1635261573.211443 sending message 106 to peer 0x562afffbbcc0 (0 bytes)
1635261573.211451 sending message 200 to peer 0x562afffbbcc0 (4 bytes)
1635261573.211457 client loop enter
1635261573.214146 peer 0x562afffbbcc0 message 207
1635261573.214174 sending message 208 to peer 0x562afffbbcc0 (0 bytes)
1635261576.012765 peer 0x562afffbbcc0 message 203
1635261576.012808 sending message 205 to peer 0x562afffbbcc0 (0 bytes)
1635261576.013269 peer 0x562afffbbcc0 message 204
1635261576.014692 client loop exit
